04/Feb 08:53:04 INFO  eclipse.EclipsePlugin configureLog  - Logging configured.
04/Feb 08:53:04 DEBUG eclipse.EclipsePlugin start  - Plugin started
04/Feb 08:53:05 DEBUG eclipse.AccuRevStartUp earlyStartup  - Accurev rev setup earlyStartup..
04/Feb 08:53:05 DEBUG managers.LoginSessionManager loadLoginSessions  - Started
04/Feb 08:53:05 DEBUG actions.NewCommonCommandExecutorContext exec  - Exec cmd:com.accurev.commons.commands.info.impl.InfoCommandImpl@7435780f
04/Feb 08:53:05 DEBUG actions.NewCommonCommandExecutorContext run  - Running command with null session.
java.lang.Throwable
	at com.accurev.ide.eclipse.actions.NewCommonCommandExecutorContext$2.run(NewCommonCommandExecutorContext.java:325)
	at com.accurev.ide.eclipse.ResourcesManager.performWithLoginLock(ResourcesManager.java:1466)
	at com.accurev.ide.eclipse.actions.NewCommonCommandExecutorContext.runCommand(NewCommonCommandExecutorContext.java:342)
	at com.accurev.ide.eclipse.actions.NewCommonCommandExecutorContext.exec(NewCommonCommandExecutorContext.java:197)
	at com.accurev.ide.eclipse.operations.WorkspaceInformationOperations.getWorkspaceInformation(WorkspaceInformationOperations.java:129)
	at com.accurev.ide.eclipse.operations.WorkspaceInformationOperations.getWorkspaceInformation(WorkspaceInformationOperations.java:78)
	at com.accurev.common.utils.SecurityUtils.getAcClientFileBin(SecurityUtils.java:125)
	at com.accurev.common.utils.SecurityUtils.parseServers(SecurityUtils.java:194)
	at com.accurev.common.utils.SecurityUtils.getServers(SecurityUtils.java:309)
	at com.accurev.ide.eclipse.managers.LoginSessionManager.loadLoginSessions(LoginSessionManager.java:114)
	at com.accurev.ide.eclipse.AccuRevStartUp.earlyStartup(AccuRevStartUp.java:37)
	at org.eclipse.ui.internal.EarlyStartupRunnable.runEarlyStartup(EarlyStartupRunnable.java:87)
	at org.eclipse.ui.internal.EarlyStartupRunnable.run(EarlyStartupRunnable.java:66)
	at org.eclipse.core.runtime.SafeRunner.run(SafeRunner.java:42)
	at org.eclipse.ui.internal.Workbench$63.run(Workbench.java:2470)
	at org.eclipse.core.internal.jobs.Worker.run(Worker.java:54)
04/Feb 08:53:05 DEBUG actions.NewCommonCommandExecutorContext exec  - Exec completed cmd:com.accurev.commons.commands.info.impl.InfoCommandImpl@7435780f
04/Feb 08:53:05 DEBUG utils.SecurityUtils parseServers  - Found server:accurev1:5050
04/Feb 08:53:05 DEBUG utils.SecurityUtils getServers  - Using last user details:com.accurev.ide.eclipse.data.ServersData$Server@1389e2b5[name=accurev1,port=5050,lastUser=snagaraj,session=ecb762d4ecb4bf63b73506380a7b6e3f]
04/Feb 08:53:05 DEBUG managers.LoginSessionManager loadLoginSessions  - Server:com.accurev.ide.eclipse.data.ServersData$Server@1389e2b5[name=accurev1,port=5050,lastUser=snagaraj,session=ecb762d4ecb4bf63b73506380a7b6e3f]
04/Feb 08:53:05 DEBUG managers.LoginSessionManager joinWorkspacesWithToken  - Found a new session:com.accurev.commons.commands.impl.SessionImpl@249856b8[host=accurev1,port=5050,token=ecb762d4ecb4bf63b73506380a7b6e3f,user=snagaraj]
04/Feb 08:53:05 DEBUG managers.LoginSessionManager joinWorkspacesWithToken  - Found a session without wspaces, associate it with appropriate wspaces
04/Feb 08:53:05 DEBUG actions.NewCommonCommandExecutorContext exec  - Exec cmd:com.accurev.commons.commands.info.impl.InfoCommandImpl@12fb869
04/Feb 08:53:05 DEBUG actions.NewCommonCommandExecutorContext exec  - Exec completed cmd:com.accurev.commons.commands.info.impl.InfoCommandImpl@12fb869
04/Feb 08:53:05 DEBUG process.StreamProcess runShowWorkspaces  - Started
04/Feb 08:53:05 DEBUG actions.NewCommonCommandExecutorContext exec  - Exec cmd:com.accurev.commons.commands.show.ShowCommandBuilder$1@57408ecc
04/Feb 08:53:05 DEBUG actions.NewCommonCommandExecutorContext exec  - Exec completed cmd:com.accurev.commons.commands.show.ShowCommandBuilder$1@57408ecc
04/Feb 08:53:05 DEBUG process.StreamProcess runShowWorkspaces  - Ended
04/Feb 08:53:05 DEBUG managers.LoginSessionManager joinWorkspacesWithToken  - Session:com.accurev.commons.commands.impl.SessionImpl@249856b8[host=accurev1,port=5050,token=ecb762d4ecb4bf63b73506380a7b6e3f,user=snagaraj] Workspace:com.accurev.commons.commands.response.xml.WSShowElement@7dcb5dde[number=<null>,name=vap_devel_vm1_snagaraj,kind=<null>,type=1,userId=391,user=snagaraj,hidden=false,storage=/usr/local/litle-home/snagaraj/cvs,host=snagaraj-vm1.dwi.litle.com,stream=5489,targetTrans=1362685,trans=1362685,eol=0,depot=vap,isActive=false]
04/Feb 08:53:05 DEBUG managers.LoginSessionManager loadLoginSessions  - Ended
04/Feb 08:53:05 DEBUG eclipse.ResourcesManager refreshAllDecoratorIcons  - Workspace: /usr/local/litle-home/snagaraj/workspace
04/Feb 08:53:05 DEBUG common.CacheManager clearAllCaches  - Started
04/Feb 08:53:05 DEBUG common.CacheManager clearAllCaches  - Ended
04/Feb 08:53:16 DEBUG eclipse.EclipsePlugin stop  - Stopping plugin
04/Feb 08:53:27 INFO  eclipse.EclipsePlugin configureLog  - Logging configured.
04/Feb 08:53:27 DEBUG eclipse.EclipsePlugin start  - Plugin started
04/Feb 08:53:32 DEBUG eclipse.AccuRevStartUp earlyStartup  - Accurev rev setup earlyStartup..
04/Feb 08:53:32 DEBUG managers.LoginSessionManager loadLoginSessions  - Started
04/Feb 08:53:32 DEBUG actions.NewCommonCommandExecutorContext exec  - Exec cmd:com.accurev.commons.commands.info.impl.InfoCommandImpl@1ce0447e
04/Feb 08:53:32 DEBUG actions.NewCommonCommandExecutorContext run  - Running command with null session.
java.lang.Throwable
	at com.accurev.ide.eclipse.actions.NewCommonCommandExecutorContext$2.run(NewCommonCommandExecutorContext.java:325)
	at com.accurev.ide.eclipse.ResourcesManager.performWithLoginLock(ResourcesManager.java:1466)
	at com.accurev.ide.eclipse.actions.NewCommonCommandExecutorContext.runCommand(NewCommonCommandExecutorContext.java:342)
	at com.accurev.ide.eclipse.actions.NewCommonCommandExecutorContext.exec(NewCommonCommandExecutorContext.java:197)
	at com.accurev.ide.eclipse.operations.WorkspaceInformationOperations.getWorkspaceInformation(WorkspaceInformationOperations.java:129)
	at com.accurev.ide.eclipse.operations.WorkspaceInformationOperations.getWorkspaceInformation(WorkspaceInformationOperations.java:78)
	at com.accurev.common.utils.SecurityUtils.getAcClientFileBin(SecurityUtils.java:125)
	at com.accurev.common.utils.SecurityUtils.parseServers(SecurityUtils.java:194)
	at com.accurev.common.utils.SecurityUtils.getServers(SecurityUtils.java:309)
	at com.accurev.ide.eclipse.managers.LoginSessionManager.loadLoginSessions(LoginSessionManager.java:114)
	at com.accurev.ide.eclipse.AccuRevStartUp.earlyStartup(AccuRevStartUp.java:37)
	at org.eclipse.ui.internal.EarlyStartupRunnable.runEarlyStartup(EarlyStartupRunnable.java:87)
	at org.eclipse.ui.internal.EarlyStartupRunnable.run(EarlyStartupRunnable.java:66)
	at org.eclipse.core.runtime.SafeRunner.run(SafeRunner.java:42)
	at org.eclipse.ui.internal.Workbench$63.run(Workbench.java:2470)
	at org.eclipse.core.internal.jobs.Worker.run(Worker.java:54)
04/Feb 08:53:32 DEBUG actions.NewCommonCommandExecutorContext exec  - Exec completed cmd:com.accurev.commons.commands.info.impl.InfoCommandImpl@1ce0447e
04/Feb 08:53:32 DEBUG utils.SecurityUtils parseServers  - Found server:accurev1:5050
04/Feb 08:53:32 DEBUG utils.SecurityUtils getServers  - Using last user details:com.accurev.ide.eclipse.data.ServersData$Server@7ef0e750[name=accurev1,port=5050,lastUser=snagaraj,session=ecb762d4ecb4bf63b73506380a7b6e3f]
04/Feb 08:53:32 DEBUG managers.LoginSessionManager loadLoginSessions  - Server:com.accurev.ide.eclipse.data.ServersData$Server@7ef0e750[name=accurev1,port=5050,lastUser=snagaraj,session=ecb762d4ecb4bf63b73506380a7b6e3f]
04/Feb 08:53:32 DEBUG managers.LoginSessionManager joinWorkspacesWithToken  - Found a new session:com.accurev.commons.commands.impl.SessionImpl@8e2fa0b[host=accurev1,port=5050,token=ecb762d4ecb4bf63b73506380a7b6e3f,user=snagaraj]
04/Feb 08:53:32 DEBUG managers.LoginSessionManager joinWorkspacesWithToken  - Found a session without wspaces, associate it with appropriate wspaces
04/Feb 08:53:32 DEBUG actions.NewCommonCommandExecutorContext exec  - Exec cmd:com.accurev.commons.commands.info.impl.InfoCommandImpl@5531a60b
04/Feb 08:53:32 DEBUG actions.NewCommonCommandExecutorContext exec  - Exec completed cmd:com.accurev.commons.commands.info.impl.InfoCommandImpl@5531a60b
04/Feb 08:53:32 DEBUG process.StreamProcess runShowWorkspaces  - Started
04/Feb 08:53:32 DEBUG actions.NewCommonCommandExecutorContext exec  - Exec cmd:com.accurev.commons.commands.show.ShowCommandBuilder$1@58c398db
04/Feb 08:53:32 DEBUG actions.NewCommonCommandExecutorContext exec  - Exec completed cmd:com.accurev.commons.commands.show.ShowCommandBuilder$1@58c398db
04/Feb 08:53:32 DEBUG process.StreamProcess runShowWorkspaces  - Ended
04/Feb 08:53:32 DEBUG managers.LoginSessionManager joinWorkspacesWithToken  - Session:com.accurev.commons.commands.impl.SessionImpl@8e2fa0b[host=accurev1,port=5050,token=ecb762d4ecb4bf63b73506380a7b6e3f,user=snagaraj] Workspace:com.accurev.commons.commands.response.xml.WSShowElement@30b0ecde[number=<null>,name=vap_devel_vm1_snagaraj,kind=<null>,type=1,userId=391,user=snagaraj,hidden=false,storage=/usr/local/litle-home/snagaraj/cvs,host=snagaraj-vm1.dwi.litle.com,stream=5489,targetTrans=1362685,trans=1362685,eol=0,depot=vap,isActive=false]
04/Feb 08:53:32 DEBUG managers.LoginSessionManager loadLoginSessions  - Ended
04/Feb 08:53:32 DEBUG eclipse.WorkspaceInfoManager updateWorkspaceInformation  - Ipath../usr/local/litle-home/snagaraj/cvs/JMXRunner
04/Feb 08:53:32 DEBUG managers.LoginSessionManager findTokenByWorkSpacePath  - login session manager..findTokenByWorkSpacePath...path../usr/local/litle-home/snagaraj/cvs/JMXRunner
04/Feb 08:53:32 DEBUG managers.LoginSessionManager findTokenByWorkSpacePath  - login session found:ecb762d4ecb4bf63b73506380a7b6e3f
04/Feb 08:53:32 DEBUG actions.NewCommonCommandExecutorContext exec  - Exec cmd:com.accurev.commons.commands.info.impl.InfoCommandImpl@529efd27
04/Feb 08:53:32 DEBUG actions.NewCommonCommandExecutorContext exec  - Exec completed cmd:com.accurev.commons.commands.info.impl.InfoCommandImpl@529efd27
04/Feb 08:53:32 DEBUG eclipse.WorkspaceInfoManager updateWorkspaceInformation  - wsInfo.getPath../usr/local/litle-home/snagaraj/cvs
04/Feb 08:53:32 DEBUG eclipse.WorkspaceInfoManager updateWorkspaceInformation  - Ipath../usr/local/litle-home/snagaraj/cvs/Sample
04/Feb 08:53:32 DEBUG managers.LoginSessionManager findTokenByWorkSpacePath  - login session manager..findTokenByWorkSpacePath...path../usr/local/litle-home/snagaraj/cvs/Sample
04/Feb 08:53:32 DEBUG managers.LoginSessionManager findTokenByWorkSpacePath  - login session found:ecb762d4ecb4bf63b73506380a7b6e3f
04/Feb 08:53:32 DEBUG actions.NewCommonCommandExecutorContext exec  - Exec cmd:com.accurev.commons.commands.info.impl.InfoCommandImpl@66d9cba1
04/Feb 08:53:32 DEBUG actions.NewCommonCommandExecutorContext exec  - Exec completed cmd:com.accurev.commons.commands.info.impl.InfoCommandImpl@66d9cba1
04/Feb 08:53:32 DEBUG eclipse.WorkspaceInfoManager updateWorkspaceInformation  - wsInfo.getPath../usr/local/litle-home/snagaraj/cvs
04/Feb 08:53:32 DEBUG eclipse.WorkspaceInfoManager updateWorkspaceInformation  - Ipath../usr/local/litle-home/snagaraj/cvs/armyKnife
04/Feb 08:53:32 DEBUG managers.LoginSessionManager findTokenByWorkSpacePath  - login session manager..findTokenByWorkSpacePath...path../usr/local/litle-home/snagaraj/cvs/armyKnife
04/Feb 08:53:32 DEBUG managers.LoginSessionManager findTokenByWorkSpacePath  - login session found:ecb762d4ecb4bf63b73506380a7b6e3f
04/Feb 08:53:32 DEBUG actions.NewCommonCommandExecutorContext exec  - Exec cmd:com.accurev.commons.commands.info.impl.InfoCommandImpl@67c5c23a
04/Feb 08:53:33 DEBUG actions.NewCommonCommandExecutorContext exec  - Exec completed cmd:com.accurev.commons.commands.info.impl.InfoCommandImpl@67c5c23a
04/Feb 08:53:33 DEBUG eclipse.WorkspaceInfoManager updateWorkspaceInformation  - wsInfo.getPath../usr/local/litle-home/snagaraj/cvs
04/Feb 08:53:33 DEBUG eclipse.WorkspaceInfoManager updateWorkspaceInformation  - Ipath../usr/local/litle-home/snagaraj/cvs/beVap
04/Feb 08:53:33 DEBUG managers.LoginSessionManager findTokenByWorkSpacePath  - login session manager..findTokenByWorkSpacePath...path../usr/local/litle-home/snagaraj/cvs/beVap
04/Feb 08:53:33 DEBUG managers.LoginSessionManager findTokenByWorkSpacePath  - login session found:ecb762d4ecb4bf63b73506380a7b6e3f
04/Feb 08:53:33 DEBUG actions.NewCommonCommandExecutorContext exec  - Exec cmd:com.accurev.commons.commands.info.impl.InfoCommandImpl@2f7d3a1e
04/Feb 08:53:33 DEBUG actions.NewCommonCommandExecutorContext exec  - Exec completed cmd:com.accurev.commons.commands.info.impl.InfoCommandImpl@2f7d3a1e
04/Feb 08:53:33 DEBUG eclipse.WorkspaceInfoManager updateWorkspaceInformation  - wsInfo.getPath../usr/local/litle-home/snagaraj/cvs
04/Feb 08:53:33 DEBUG eclipse.WorkspaceInfoManager updateWorkspaceInformation  - Ipath../usr/local/litle-home/snagaraj/cvs/build
04/Feb 08:53:33 DEBUG managers.LoginSessionManager findTokenByWorkSpacePath  - login session manager..findTokenByWorkSpacePath...path../usr/local/litle-home/snagaraj/cvs/build
04/Feb 08:53:33 DEBUG managers.LoginSessionManager findTokenByWorkSpacePath  - login session found:ecb762d4ecb4bf63b73506380a7b6e3f
04/Feb 08:53:33 DEBUG actions.NewCommonCommandExecutorContext exec  - Exec cmd:com.accurev.commons.commands.info.impl.InfoCommandImpl@4973eff0
04/Feb 08:53:33 DEBUG actions.NewCommonCommandExecutorContext exec  - Exec completed cmd:com.accurev.commons.commands.info.impl.InfoCommandImpl@4973eff0
04/Feb 08:53:33 DEBUG eclipse.WorkspaceInfoManager updateWorkspaceInformation  - wsInfo.getPath../usr/local/litle-home/snagaraj/cvs
04/Feb 08:53:33 DEBUG eclipse.WorkspaceInfoManager updateWorkspaceInformation  - Ipath../usr/local/litle-home/snagaraj/cvs/capacity
04/Feb 08:53:33 DEBUG managers.LoginSessionManager findTokenByWorkSpacePath  - login session manager..findTokenByWorkSpacePath...path../usr/local/litle-home/snagaraj/cvs/capacity
04/Feb 08:53:33 DEBUG managers.LoginSessionManager findTokenByWorkSpacePath  - login session found:ecb762d4ecb4bf63b73506380a7b6e3f
04/Feb 08:53:33 DEBUG actions.NewCommonCommandExecutorContext exec  - Exec cmd:com.accurev.commons.commands.info.impl.InfoCommandImpl@d4b2968
04/Feb 08:53:33 DEBUG actions.NewCommonCommandExecutorContext exec  - Exec completed cmd:com.accurev.commons.commands.info.impl.InfoCommandImpl@d4b2968
04/Feb 08:53:33 DEBUG eclipse.WorkspaceInfoManager updateWorkspaceInformation  - wsInfo.getPath../usr/local/litle-home/snagaraj/cvs
04/Feb 08:53:33 DEBUG eclipse.WorkspaceInfoManager updateWorkspaceInformation  - Ipath../usr/local/litle-home/snagaraj/cvs/common
04/Feb 08:53:33 DEBUG managers.LoginSessionManager findTokenByWorkSpacePath  - login session manager..findTokenByWorkSpacePath...path../usr/local/litle-home/snagaraj/cvs/common
04/Feb 08:53:33 DEBUG managers.LoginSessionManager findTokenByWorkSpacePath  - login session found:ecb762d4ecb4bf63b73506380a7b6e3f
04/Feb 08:53:33 DEBUG actions.NewCommonCommandExecutorContext exec  - Exec cmd:com.accurev.commons.commands.info.impl.InfoCommandImpl@354c176e
04/Feb 08:53:33 DEBUG actions.NewCommonCommandExecutorContext exec  - Exec completed cmd:com.accurev.commons.commands.info.impl.InfoCommandImpl@354c176e
04/Feb 08:53:33 DEBUG eclipse.WorkspaceInfoManager updateWorkspaceInformation  - wsInfo.getPath../usr/local/litle-home/snagaraj/cvs
04/Feb 08:53:33 DEBUG eclipse.WorkspaceInfoManager updateWorkspaceInformation  - Ipath../usr/local/litle-home/snagaraj/cvs/configureContext
04/Feb 08:53:33 DEBUG managers.LoginSessionManager findTokenByWorkSpacePath  - login session manager..findTokenByWorkSpacePath...path../usr/local/litle-home/snagaraj/cvs/configureContext
04/Feb 08:53:33 DEBUG managers.LoginSessionManager findTokenByWorkSpacePath  - login session found:ecb762d4ecb4bf63b73506380a7b6e3f
04/Feb 08:53:33 DEBUG actions.NewCommonCommandExecutorContext exec  - Exec cmd:com.accurev.commons.commands.info.impl.InfoCommandImpl@28ec9089
04/Feb 08:53:33 DEBUG actions.NewCommonCommandExecutorContext exec  - Exec completed cmd:com.accurev.commons.commands.info.impl.InfoCommandImpl@28ec9089
04/Feb 08:53:33 DEBUG eclipse.WorkspaceInfoManager updateWorkspaceInformation  - wsInfo.getPath../usr/local/litle-home/snagaraj/cvs
04/Feb 08:53:33 DEBUG eclipse.WorkspaceInfoManager updateWorkspaceInformation  - Ipath../usr/local/litle-home/snagaraj/cvs/core
04/Feb 08:53:33 DEBUG managers.LoginSessionManager findTokenByWorkSpacePath  - login session manager..findTokenByWorkSpacePath...path../usr/local/litle-home/snagaraj/cvs/core
04/Feb 08:53:33 DEBUG managers.LoginSessionManager findTokenByWorkSpacePath  - login session found:ecb762d4ecb4bf63b73506380a7b6e3f
04/Feb 08:53:33 DEBUG actions.NewCommonCommandExecutorContext exec  - Exec cmd:com.accurev.commons.commands.info.impl.InfoCommandImpl@351098b2
04/Feb 08:53:33 DEBUG actions.NewCommonCommandExecutorContext exec  - Exec completed cmd:com.accurev.commons.commands.info.impl.InfoCommandImpl@351098b2
04/Feb 08:53:33 DEBUG eclipse.WorkspaceInfoManager updateWorkspaceInformation  - wsInfo.getPath../usr/local/litle-home/snagaraj/cvs
04/Feb 08:53:33 DEBUG eclipse.WorkspaceInfoManager updateWorkspaceInformation  - Ipath../usr/local/litle-home/snagaraj/cvs/coreRehash
04/Feb 08:53:33 DEBUG managers.LoginSessionManager findTokenByWorkSpacePath  - login session manager..findTokenByWorkSpacePath...path../usr/local/litle-home/snagaraj/cvs/coreRehash
04/Feb 08:53:33 DEBUG managers.LoginSessionManager findTokenByWorkSpacePath  - login session found:ecb762d4ecb4bf63b73506380a7b6e3f
04/Feb 08:53:33 DEBUG actions.NewCommonCommandExecutorContext exec  - Exec cmd:com.accurev.commons.commands.info.impl.InfoCommandImpl@116b64f6
04/Feb 08:53:33 DEBUG actions.NewCommonCommandExecutorContext exec  - Exec completed cmd:com.accurev.commons.commands.info.impl.InfoCommandImpl@116b64f6
04/Feb 08:53:33 DEBUG eclipse.WorkspaceInfoManager updateWorkspaceInformation  - wsInfo.getPath../usr/local/litle-home/snagaraj/cvs
04/Feb 08:53:33 DEBUG eclipse.WorkspaceInfoManager updateWorkspaceInformation  - Ipath../usr/local/litle-home/snagaraj/cvs/coreTest
04/Feb 08:53:33 DEBUG managers.LoginSessionManager findTokenByWorkSpacePath  - login session manager..findTokenByWorkSpacePath...path../usr/local/litle-home/snagaraj/cvs/coreTest
04/Feb 08:53:33 DEBUG managers.LoginSessionManager findTokenByWorkSpacePath  - login session found:ecb762d4ecb4bf63b73506380a7b6e3f
04/Feb 08:53:33 DEBUG actions.NewCommonCommandExecutorContext exec  - Exec cmd:com.accurev.commons.commands.info.impl.InfoCommandImpl@2a0294f4
04/Feb 08:53:33 DEBUG actions.NewCommonCommandExecutorContext exec  - Exec completed cmd:com.accurev.commons.commands.info.impl.InfoCommandImpl@2a0294f4
04/Feb 08:53:33 DEBUG eclipse.WorkspaceInfoManager updateWorkspaceInformation  - wsInfo.getPath../usr/local/litle-home/snagaraj/cvs
04/Feb 08:53:33 DEBUG eclipse.WorkspaceInfoManager updateWorkspaceInformation  - Ipath../usr/local/litle-home/snagaraj/cvs/coreWeb
04/Feb 08:53:33 DEBUG managers.LoginSessionManager findTokenByWorkSpacePath  - login session manager..findTokenByWorkSpacePath...path../usr/local/litle-home/snagaraj/cvs/coreWeb
04/Feb 08:53:33 DEBUG managers.LoginSessionManager findTokenByWorkSpacePath  - login session found:ecb762d4ecb4bf63b73506380a7b6e3f
04/Feb 08:53:33 DEBUG actions.NewCommonCommandExecutorContext exec  - Exec cmd:com.accurev.commons.commands.info.impl.InfoCommandImpl@22e61794
04/Feb 08:53:33 DEBUG actions.NewCommonCommandExecutorContext exec  - Exec completed cmd:com.accurev.commons.commands.info.impl.InfoCommandImpl@22e61794
04/Feb 08:53:33 DEBUG eclipse.WorkspaceInfoManager updateWorkspaceInformation  - wsInfo.getPath../usr/local/litle-home/snagaraj/cvs
04/Feb 08:53:33 DEBUG eclipse.WorkspaceInfoManager updateWorkspaceInformation  - Ipath../usr/local/litle-home/snagaraj/cvs/database
04/Feb 08:53:33 DEBUG managers.LoginSessionManager findTokenByWorkSpacePath  - login session manager..findTokenByWorkSpacePath...path../usr/local/litle-home/snagaraj/cvs/database
04/Feb 08:53:33 DEBUG managers.LoginSessionManager findTokenByWorkSpacePath  - login session found:ecb762d4ecb4bf63b73506380a7b6e3f
04/Feb 08:53:33 DEBUG actions.NewCommonCommandExecutorContext exec  - Exec cmd:com.accurev.commons.commands.info.impl.InfoCommandImpl@7d1e61e2
04/Feb 08:53:34 DEBUG actions.NewCommonCommandExecutorContext exec  - Exec completed cmd:com.accurev.commons.commands.info.impl.InfoCommandImpl@7d1e61e2
04/Feb 08:53:34 DEBUG eclipse.WorkspaceInfoManager updateWorkspaceInformation  - wsInfo.getPath../usr/local/litle-home/snagaraj/cvs
04/Feb 08:53:34 DEBUG eclipse.WorkspaceInfoManager updateWorkspaceInformation  - Ipath../usr/local/litle-home/snagaraj/cvs/documentation
04/Feb 08:53:34 DEBUG managers.LoginSessionManager findTokenByWorkSpacePath  - login session manager..findTokenByWorkSpacePath...path../usr/local/litle-home/snagaraj/cvs/documentation
04/Feb 08:53:34 DEBUG managers.LoginSessionManager findTokenByWorkSpacePath  - login session found:ecb762d4ecb4bf63b73506380a7b6e3f
04/Feb 08:53:34 DEBUG actions.NewCommonCommandExecutorContext exec  - Exec cmd:com.accurev.commons.commands.info.impl.InfoCommandImpl@6b2a1485
04/Feb 08:53:34 DEBUG actions.NewCommonCommandExecutorContext exec  - Exec completed cmd:com.accurev.commons.commands.info.impl.InfoCommandImpl@6b2a1485
04/Feb 08:53:34 DEBUG eclipse.WorkspaceInfoManager updateWorkspaceInformation  - wsInfo.getPath../usr/local/litle-home/snagaraj/cvs
04/Feb 08:53:34 DEBUG eclipse.WorkspaceInfoManager updateWorkspaceInformation  - Ipath../usr/local/litle-home/snagaraj/cvs/feTest
04/Feb 08:53:34 DEBUG managers.LoginSessionManager findTokenByWorkSpacePath  - login session manager..findTokenByWorkSpacePath...path../usr/local/litle-home/snagaraj/cvs/feTest
04/Feb 08:53:34 DEBUG managers.LoginSessionManager findTokenByWorkSpacePath  - login session found:ecb762d4ecb4bf63b73506380a7b6e3f
04/Feb 08:53:34 DEBUG actions.NewCommonCommandExecutorContext exec  - Exec cmd:com.accurev.commons.commands.info.impl.InfoCommandImpl@6c47c00f
04/Feb 08:53:34 DEBUG actions.NewCommonCommandExecutorContext exec  - Exec completed cmd:com.accurev.commons.commands.info.impl.InfoCommandImpl@6c47c00f
04/Feb 08:53:34 DEBUG eclipse.WorkspaceInfoManager updateWorkspaceInformation  - wsInfo.getPath../usr/local/litle-home/snagaraj/cvs
04/Feb 08:53:34 DEBUG eclipse.WorkspaceInfoManager updateWorkspaceInformation  - Ipath../usr/local/litle-home/snagaraj/cvs/feUI
04/Feb 08:53:34 DEBUG managers.LoginSessionManager findTokenByWorkSpacePath  - login session manager..findTokenByWorkSpacePath...path../usr/local/litle-home/snagaraj/cvs/feUI
04/Feb 08:53:34 DEBUG managers.LoginSessionManager findTokenByWorkSpacePath  - login session found:ecb762d4ecb4bf63b73506380a7b6e3f
04/Feb 08:53:34 DEBUG actions.NewCommonCommandExecutorContext exec  - Exec cmd:com.accurev.commons.commands.info.impl.InfoCommandImpl@7d886f88
04/Feb 08:53:34 DEBUG actions.NewCommonCommandExecutorContext exec  - Exec completed cmd:com.accurev.commons.commands.info.impl.InfoCommandImpl@7d886f88
04/Feb 08:53:34 DEBUG eclipse.WorkspaceInfoManager updateWorkspaceInformation  - wsInfo.getPath../usr/local/litle-home/snagaraj/cvs
04/Feb 08:53:34 DEBUG eclipse.WorkspaceInfoManager updateWorkspaceInformation  - Ipath../usr/local/litle-home/snagaraj/cvs/feVap
04/Feb 08:53:34 DEBUG managers.LoginSessionManager findTokenByWorkSpacePath  - login session manager..findTokenByWorkSpacePath...path../usr/local/litle-home/snagaraj/cvs/feVap
04/Feb 08:53:34 DEBUG managers.LoginSessionManager findTokenByWorkSpacePath  - login session found:ecb762d4ecb4bf63b73506380a7b6e3f
04/Feb 08:53:34 DEBUG actions.NewCommonCommandExecutorContext exec  - Exec cmd:com.accurev.commons.commands.info.impl.InfoCommandImpl@26f0cf8
04/Feb 08:53:34 DEBUG actions.NewCommonCommandExecutorContext exec  - Exec completed cmd:com.accurev.commons.commands.info.impl.InfoCommandImpl@26f0cf8
04/Feb 08:53:34 DEBUG eclipse.WorkspaceInfoManager updateWorkspaceInformation  - wsInfo.getPath../usr/local/litle-home/snagaraj/cvs
04/Feb 08:53:34 DEBUG eclipse.WorkspaceInfoManager updateWorkspaceInformation  - Ipath../usr/local/litle-home/snagaraj/cvs/infrastructure
04/Feb 08:53:34 DEBUG managers.LoginSessionManager findTokenByWorkSpacePath  - login session manager..findTokenByWorkSpacePath...path../usr/local/litle-home/snagaraj/cvs/infrastructure
04/Feb 08:53:34 DEBUG managers.LoginSessionManager findTokenByWorkSpacePath  - login session found:ecb762d4ecb4bf63b73506380a7b6e3f
04/Feb 08:53:34 DEBUG actions.NewCommonCommandExecutorContext exec  - Exec cmd:com.accurev.commons.commands.info.impl.InfoCommandImpl@30fa6f5
04/Feb 08:53:34 DEBUG actions.NewCommonCommandExecutorContext exec  - Exec completed cmd:com.accurev.commons.commands.info.impl.InfoCommandImpl@30fa6f5
04/Feb 08:53:34 DEBUG eclipse.WorkspaceInfoManager updateWorkspaceInformation  - wsInfo.getPath../usr/local/litle-home/snagaraj/cvs
04/Feb 08:53:34 DEBUG eclipse.WorkspaceInfoManager updateWorkspaceInformation  - Ipath../usr/local/litle-home/snagaraj/cvs/mbeanProvider
04/Feb 08:53:34 DEBUG managers.LoginSessionManager findTokenByWorkSpacePath  - login session manager..findTokenByWorkSpacePath...path../usr/local/litle-home/snagaraj/cvs/mbeanProvider
04/Feb 08:53:34 DEBUG managers.LoginSessionManager findTokenByWorkSpacePath  - login session found:ecb762d4ecb4bf63b73506380a7b6e3f
04/Feb 08:53:34 DEBUG actions.NewCommonCommandExecutorContext exec  - Exec cmd:com.accurev.commons.commands.info.impl.InfoCommandImpl@2ccfb447
04/Feb 08:53:34 DEBUG actions.NewCommonCommandExecutorContext exec  - Exec completed cmd:com.accurev.commons.commands.info.impl.InfoCommandImpl@2ccfb447
04/Feb 08:53:34 DEBUG eclipse.WorkspaceInfoManager updateWorkspaceInformation  - wsInfo.getPath../usr/local/litle-home/snagaraj/cvs
04/Feb 08:53:34 DEBUG eclipse.WorkspaceInfoManager updateWorkspaceInformation  - Ipath../usr/local/litle-home/snagaraj/cvs/merchantProfileManager
04/Feb 08:53:34 DEBUG managers.LoginSessionManager findTokenByWorkSpacePath  - login session manager..findTokenByWorkSpacePath...path../usr/local/litle-home/snagaraj/cvs/merchantProfileManager
04/Feb 08:53:34 DEBUG managers.LoginSessionManager findTokenByWorkSpacePath  - login session found:ecb762d4ecb4bf63b73506380a7b6e3f
04/Feb 08:53:34 DEBUG actions.NewCommonCommandExecutorContext exec  - Exec cmd:com.accurev.commons.commands.info.impl.InfoCommandImpl@159a1598
04/Feb 08:53:34 DEBUG actions.NewCommonCommandExecutorContext exec  - Exec completed cmd:com.accurev.commons.commands.info.impl.InfoCommandImpl@159a1598
04/Feb 08:53:34 DEBUG eclipse.WorkspaceInfoManager updateWorkspaceInformation  - wsInfo.getPath../usr/local/litle-home/snagaraj/cvs
04/Feb 08:53:34 DEBUG eclipse.WorkspaceInfoManager updateWorkspaceInformation  - Ipath../usr/local/litle-home/snagaraj/cvs/merchantProvisioner
04/Feb 08:53:34 DEBUG managers.LoginSessionManager findTokenByWorkSpacePath  - login session manager..findTokenByWorkSpacePath...path../usr/local/litle-home/snagaraj/cvs/merchantProvisioner
04/Feb 08:53:34 DEBUG managers.LoginSessionManager findTokenByWorkSpacePath  - login session found:ecb762d4ecb4bf63b73506380a7b6e3f
04/Feb 08:53:34 DEBUG actions.NewCommonCommandExecutorContext exec  - Exec cmd:com.accurev.commons.commands.info.impl.InfoCommandImpl@44162152
04/Feb 08:53:34 DEBUG actions.NewCommonCommandExecutorContext exec  - Exec completed cmd:com.accurev.commons.commands.info.impl.InfoCommandImpl@44162152
04/Feb 08:53:34 DEBUG eclipse.WorkspaceInfoManager updateWorkspaceInformation  - wsInfo.getPath../usr/local/litle-home/snagaraj/cvs
04/Feb 08:53:34 DEBUG eclipse.WorkspaceInfoManager updateWorkspaceInformation  - Ipath../usr/local/litle-home/snagaraj/cvs/metaUI
04/Feb 08:53:34 DEBUG managers.LoginSessionManager findTokenByWorkSpacePath  - login session manager..findTokenByWorkSpacePath...path../usr/local/litle-home/snagaraj/cvs/metaUI
04/Feb 08:53:34 DEBUG managers.LoginSessionManager findTokenByWorkSpacePath  - login session found:ecb762d4ecb4bf63b73506380a7b6e3f
04/Feb 08:53:34 DEBUG actions.NewCommonCommandExecutorContext exec  - Exec cmd:com.accurev.commons.commands.info.impl.InfoCommandImpl@ba064fb
04/Feb 08:53:34 DEBUG actions.NewCommonCommandExecutorContext exec  - Exec completed cmd:com.accurev.commons.commands.info.impl.InfoCommandImpl@ba064fb
04/Feb 08:53:34 DEBUG eclipse.WorkspaceInfoManager updateWorkspaceInformation  - wsInfo.getPath../usr/local/litle-home/snagaraj/cvs
04/Feb 08:53:34 DEBUG eclipse.WorkspaceInfoManager updateWorkspaceInformation  - Ipath../usr/local/litle-home/snagaraj/cvs/paypage
04/Feb 08:53:34 DEBUG managers.LoginSessionManager findTokenByWorkSpacePath  - login session manager..findTokenByWorkSpacePath...path../usr/local/litle-home/snagaraj/cvs/paypage
04/Feb 08:53:34 DEBUG managers.LoginSessionManager findTokenByWorkSpacePath  - login session found:ecb762d4ecb4bf63b73506380a7b6e3f
04/Feb 08:53:34 DEBUG actions.NewCommonCommandExecutorContext exec  - Exec cmd:com.accurev.commons.commands.info.impl.InfoCommandImpl@6135383c
04/Feb 08:53:34 DEBUG actions.NewCommonCommandExecutorContext exec  - Exec completed cmd:com.accurev.commons.commands.info.impl.InfoCommandImpl@6135383c
04/Feb 08:53:34 DEBUG eclipse.WorkspaceInfoManager updateWorkspaceInformation  - wsInfo.getPath../usr/local/litle-home/snagaraj/cvs
04/Feb 08:53:34 DEBUG eclipse.WorkspaceInfoManager updateWorkspaceInformation  - Ipath../usr/local/litle-home/snagaraj/cvs/pofProcessor
04/Feb 08:53:34 DEBUG managers.LoginSessionManager findTokenByWorkSpacePath  - login session manager..findTokenByWorkSpacePath...path../usr/local/litle-home/snagaraj/cvs/pofProcessor
04/Feb 08:53:34 DEBUG managers.LoginSessionManager findTokenByWorkSpacePath  - login session found:ecb762d4ecb4bf63b73506380a7b6e3f
04/Feb 08:53:34 DEBUG actions.NewCommonCommandExecutorContext exec  - Exec cmd:com.accurev.commons.commands.info.impl.InfoCommandImpl@6611f187
04/Feb 08:53:34 DEBUG actions.NewCommonCommandExecutorContext exec  - Exec completed cmd:com.accurev.commons.commands.info.impl.InfoCommandImpl@6611f187
04/Feb 08:53:34 DEBUG eclipse.WorkspaceInfoManager updateWorkspaceInformation  - wsInfo.getPath../usr/local/litle-home/snagaraj/cvs
04/Feb 08:53:34 DEBUG eclipse.WorkspaceInfoManager updateWorkspaceInformation  - Ipath../usr/local/litle-home/snagaraj/cvs/rtview
04/Feb 08:53:34 DEBUG managers.LoginSessionManager findTokenByWorkSpacePath  - login session manager..findTokenByWorkSpacePath...path../usr/local/litle-home/snagaraj/cvs/rtview
04/Feb 08:53:34 DEBUG managers.LoginSessionManager findTokenByWorkSpacePath  - login session found:ecb762d4ecb4bf63b73506380a7b6e3f
04/Feb 08:53:34 DEBUG actions.NewCommonCommandExecutorContext exec  - Exec cmd:com.accurev.commons.commands.info.impl.InfoCommandImpl@1731f308
04/Feb 08:53:34 DEBUG actions.NewCommonCommandExecutorContext exec  - Exec completed cmd:com.accurev.commons.commands.info.impl.InfoCommandImpl@1731f308
04/Feb 08:53:34 DEBUG eclipse.WorkspaceInfoManager updateWorkspaceInformation  - wsInfo.getPath../usr/local/litle-home/snagaraj/cvs
04/Feb 08:53:34 DEBUG eclipse.WorkspaceInfoManager updateWorkspaceInformation  - Ipath../usr/local/litle-home/snagaraj/cvs/services
04/Feb 08:53:34 DEBUG managers.LoginSessionManager findTokenByWorkSpacePath  - login session manager..findTokenByWorkSpacePath...path../usr/local/litle-home/snagaraj/cvs/services
04/Feb 08:53:34 DEBUG managers.LoginSessionManager findTokenByWorkSpacePath  - login session found:ecb762d4ecb4bf63b73506380a7b6e3f
04/Feb 08:53:34 DEBUG actions.NewCommonCommandExecutorContext exec  - Exec cmd:com.accurev.commons.commands.info.impl.InfoCommandImpl@27fb63e5
04/Feb 08:53:34 DEBUG actions.NewCommonCommandExecutorContext exec  - Exec completed cmd:com.accurev.commons.commands.info.impl.InfoCommandImpl@27fb63e5
04/Feb 08:53:34 DEBUG eclipse.WorkspaceInfoManager updateWorkspaceInformation  - wsInfo.getPath../usr/local/litle-home/snagaraj/cvs
04/Feb 08:53:34 DEBUG eclipse.WorkspaceInfoManager updateWorkspaceInformation  - Ipath../usr/local/litle-home/snagaraj/cvs/tests
04/Feb 08:53:34 DEBUG managers.LoginSessionManager findTokenByWorkSpacePath  - login session manager..findTokenByWorkSpacePath...path../usr/local/litle-home/snagaraj/cvs/tests
04/Feb 08:53:34 DEBUG managers.LoginSessionManager findTokenByWorkSpacePath  - login session found:ecb762d4ecb4bf63b73506380a7b6e3f
04/Feb 08:53:34 DEBUG actions.NewCommonCommandExecutorContext exec  - Exec cmd:com.accurev.commons.commands.info.impl.InfoCommandImpl@211b97a2
04/Feb 08:53:34 DEBUG actions.NewCommonCommandExecutorContext exec  - Exec completed cmd:com.accurev.commons.commands.info.impl.InfoCommandImpl@211b97a2
04/Feb 08:53:34 DEBUG eclipse.WorkspaceInfoManager updateWorkspaceInformation  - wsInfo.getPath../usr/local/litle-home/snagaraj/cvs
04/Feb 08:53:34 DEBUG eclipse.WorkspaceInfoManager updateWorkspaceInformation  - Ipath../usr/local/litle-home/snagaraj/cvs/testsBackEndFunctionalAndOldStyle
04/Feb 08:53:34 DEBUG managers.LoginSessionManager findTokenByWorkSpacePath  - login session manager..findTokenByWorkSpacePath...path../usr/local/litle-home/snagaraj/cvs/testsBackEndFunctionalAndOldStyle
04/Feb 08:53:34 DEBUG managers.LoginSessionManager findTokenByWorkSpacePath  - login session found:ecb762d4ecb4bf63b73506380a7b6e3f
04/Feb 08:53:34 DEBUG actions.NewCommonCommandExecutorContext exec  - Exec cmd:com.accurev.commons.commands.info.impl.InfoCommandImpl@a3b0996
04/Feb 08:53:34 DEBUG actions.NewCommonCommandExecutorContext exec  - Exec completed cmd:com.accurev.commons.commands.info.impl.InfoCommandImpl@a3b0996
04/Feb 08:53:34 DEBUG eclipse.WorkspaceInfoManager updateWorkspaceInformation  - wsInfo.getPath../usr/local/litle-home/snagaraj/cvs
04/Feb 08:53:34 DEBUG eclipse.WorkspaceInfoManager updateWorkspaceInformation  - Ipath../usr/local/litle-home/snagaraj/cvs/vapUI
04/Feb 08:53:34 DEBUG managers.LoginSessionManager findTokenByWorkSpacePath  - login session manager..findTokenByWorkSpacePath...path../usr/local/litle-home/snagaraj/cvs/vapUI
04/Feb 08:53:34 DEBUG managers.LoginSessionManager findTokenByWorkSpacePath  - login session found:ecb762d4ecb4bf63b73506380a7b6e3f
04/Feb 08:53:34 DEBUG actions.NewCommonCommandExecutorContext exec  - Exec cmd:com.accurev.commons.commands.info.impl.InfoCommandImpl@3f59a3a5
04/Feb 08:53:34 DEBUG actions.NewCommonCommandExecutorContext exec  - Exec completed cmd:com.accurev.commons.commands.info.impl.InfoCommandImpl@3f59a3a5
04/Feb 08:53:34 DEBUG eclipse.WorkspaceInfoManager updateWorkspaceInformation  - wsInfo.getPath../usr/local/litle-home/snagaraj/cvs
04/Feb 08:53:34 DEBUG eclipse.ResourcesManager refreshAllDecoratorIcons  - Workspace: /usr/local/litle-home/snagaraj/cvs
04/Feb 08:53:34 DEBUG common.CacheManager clearAllCaches  - Started
04/Feb 08:53:34 DEBUG common.CacheManager clearAllCaches  - Ended
04/Feb 08:53:40 DEBUG eclipse.ResourceStatusJob isScheduled  - Checking resource:L/Sample/accurev_plugin.log, was not currently scheduled.
04/Feb 08:53:40 DEBUG eclipse.ResourceStatusJob isScheduled  - Checking resource:L/Sample/Ruby/10.0/accurev_plugin.log, was not currently scheduled.
04/Feb 08:53:40 DEBUG eclipse.ResourceStatusJob isScheduled  - Checking resource:L/Sample/Ruby/10.0/litle-sdk-for-ruby-master/accurev_plugin.log, was not currently scheduled.
04/Feb 08:54:06 DEBUG eclipse.AccuRevMoveDeleteHook deleteFolder  - Deleting...
04/Feb 08:54:06 DEBUG eclipse.AccuRevMoveDeleteHook deleteFolder  - Deleting...
04/Feb 08:54:15 DEBUG eclipse.AccuRevMoveDeleteHook deleteFile  - Deleting...
04/Feb 08:54:15 DEBUG eclipse.AccuRevMoveDeleteHook deleteFile  - Deleting...
04/Feb 08:54:15 DEBUG eclipse.AccuRevMoveDeleteHook deleteFile  - Deleting...
04/Feb 08:54:15 DEBUG eclipse.AccuRevMoveDeleteHook deleteFile  - Deleting...
04/Feb 08:54:15 DEBUG eclipse.AccuRevMoveDeleteHook deleteFile  - Deleting...
04/Feb 08:54:15 DEBUG eclipse.AccuRevMoveDeleteHook deleteFile  - Deleting...
04/Feb 08:54:15 DEBUG eclipse.AccuRevMoveDeleteHook deleteFile  - Deleting...
04/Feb 08:54:15 DEBUG eclipse.AccuRevMoveDeleteHook deleteFile  - Deleting...
04/Feb 08:54:15 DEBUG eclipse.AccuRevMoveDeleteHook deleteFile  - Deleting...
04/Feb 08:54:15 DEBUG eclipse.AccuRevMoveDeleteHook deleteFile  - Deleting...
04/Feb 08:54:15 DEBUG eclipse.AccuRevMoveDeleteHook deleteFile  - Deleting...
04/Feb 08:54:15 DEBUG eclipse.AccuRevMoveDeleteHook deleteFile  - Deleting...
04/Feb 08:54:15 DEBUG eclipse.AccuRevMoveDeleteHook deleteFile  - Deleting...
04/Feb 08:54:15 DEBUG eclipse.AccuRevMoveDeleteHook deleteFile  - Deleting...
04/Feb 08:54:15 DEBUG eclipse.AccuRevMoveDeleteHook deleteFile  - Deleting...
04/Feb 08:54:15 DEBUG eclipse.AccuRevMoveDeleteHook deleteFile  - Deleting...
04/Feb 08:54:15 DEBUG eclipse.AccuRevMoveDeleteHook deleteFile  - Deleting...
04/Feb 08:54:15 DEBUG eclipse.AccuRevMoveDeleteHook deleteFile  - Deleting...
04/Feb 08:54:15 DEBUG eclipse.AccuRevMoveDeleteHook deleteFile  - Deleting...
04/Feb 08:54:15 DEBUG eclipse.AccuRevMoveDeleteHook deleteFile  - Deleting...
04/Feb 08:54:15 DEBUG eclipse.AccuRevMoveDeleteHook deleteFile  - Deleting...
04/Feb 08:54:15 DEBUG eclipse.AccuRevMoveDeleteHook deleteFile  - Deleting...
04/Feb 08:54:15 DEBUG eclipse.AccuRevMoveDeleteHook deleteFile  - Deleting...
04/Feb 08:54:15 DEBUG eclipse.AccuRevMoveDeleteHook deleteFile  - Deleting...
04/Feb 08:54:15 DEBUG eclipse.AccuRevMoveDeleteHook deleteFile  - Deleting...
04/Feb 08:54:15 DEBUG eclipse.AccuRevMoveDeleteHook deleteFile  - Deleting...
04/Feb 08:54:15 DEBUG eclipse.AccuRevMoveDeleteHook deleteFile  - Deleting...
04/Feb 08:54:15 DEBUG eclipse.AccuRevMoveDeleteHook deleteFile  - Deleting...
04/Feb 08:54:15 DEBUG eclipse.AccuRevMoveDeleteHook deleteFile  - Deleting...
04/Feb 08:54:15 DEBUG eclipse.AccuRevMoveDeleteHook deleteFile  - Deleting...
04/Feb 08:54:15 DEBUG eclipse.AccuRevMoveDeleteHook deleteFile  - Deleting...
04/Feb 08:54:15 DEBUG eclipse.AccuRevMoveDeleteHook deleteFile  - Deleting...
04/Feb 08:54:15 DEBUG eclipse.AccuRevMoveDeleteHook deleteFile  - Deleting...
04/Feb 08:54:15 DEBUG eclipse.AccuRevMoveDeleteHook deleteFile  - Deleting...
04/Feb 08:54:15 DEBUG eclipse.AccuRevMoveDeleteHook deleteFile  - Deleting...
04/Feb 08:54:15 DEBUG eclipse.AccuRevMoveDeleteHook deleteFile  - Deleting...
04/Feb 08:54:15 DEBUG eclipse.AccuRevMoveDeleteHook deleteFile  - Deleting...
04/Feb 08:54:15 DEBUG eclipse.AccuRevMoveDeleteHook deleteFile  - Deleting...
04/Feb 08:54:15 DEBUG eclipse.AccuRevMoveDeleteHook deleteFile  - Deleting...
04/Feb 08:54:15 DEBUG eclipse.AccuRevMoveDeleteHook deleteFile  - Deleting...
04/Feb 08:54:15 DEBUG eclipse.AccuRevMoveDeleteHook deleteFile  - Deleting...
04/Feb 08:54:15 DEBUG eclipse.AccuRevMoveDeleteHook deleteFile  - Deleting...
04/Feb 08:54:15 DEBUG eclipse.AccuRevMoveDeleteHook deleteFile  - Deleting...
04/Feb 08:54:15 DEBUG eclipse.AccuRevMoveDeleteHook deleteFile  - Deleting...
04/Feb 08:54:15 DEBUG eclipse.AccuRevMoveDeleteHook deleteFile  - Deleting...
04/Feb 08:54:15 DEBUG eclipse.AccuRevMoveDeleteHook deleteFile  - Deleting...
04/Feb 08:54:15 DEBUG eclipse.AccuRevMoveDeleteHook deleteFile  - Deleting...
04/Feb 08:54:15 DEBUG eclipse.AccuRevMoveDeleteHook deleteFile  - Deleting...
04/Feb 08:54:15 DEBUG eclipse.AccuRevMoveDeleteHook deleteFile  - Deleting...
04/Feb 08:54:15 DEBUG eclipse.AccuRevMoveDeleteHook deleteFile  - Deleting...
04/Feb 08:54:15 DEBUG eclipse.AccuRevMoveDeleteHook deleteFile  - Deleting...
04/Feb 08:54:15 DEBUG eclipse.AccuRevMoveDeleteHook deleteFile  - Deleting...
04/Feb 08:54:15 DEBUG eclipse.AccuRevMoveDeleteHook deleteFile  - Deleting...
04/Feb 08:54:15 DEBUG eclipse.AccuRevMoveDeleteHook deleteFile  - Deleting...
04/Feb 08:54:15 DEBUG eclipse.AccuRevMoveDeleteHook deleteFile  - Deleting...
04/Feb 08:54:15 DEBUG eclipse.AccuRevMoveDeleteHook deleteFile  - Deleting...
04/Feb 08:54:15 DEBUG eclipse.AccuRevMoveDeleteHook deleteFile  - Deleting...
04/Feb 08:54:15 DEBUG eclipse.AccuRevMoveDeleteHook deleteFile  - Deleting...
04/Feb 08:54:15 DEBUG eclipse.AccuRevMoveDeleteHook deleteFile  - Deleting...
04/Feb 08:54:15 DEBUG eclipse.AccuRevMoveDeleteHook deleteFile  - Deleting...
04/Feb 08:54:15 DEBUG eclipse.AccuRevMoveDeleteHook deleteFile  - Deleting...
04/Feb 08:54:15 DEBUG eclipse.AccuRevMoveDeleteHook deleteFile  - Deleting...
04/Feb 08:54:15 DEBUG eclipse.AccuRevMoveDeleteHook deleteFile  - Deleting...
04/Feb 08:54:15 DEBUG eclipse.AccuRevMoveDeleteHook deleteFolder  - Deleting...
04/Feb 08:54:15 DEBUG eclipse.AccuRevMoveDeleteHook deleteFolder  - Deleting...
04/Feb 08:54:16 DEBUG eclipse.AccuRevMoveDeleteHook deleteFolder  - Deleting...
04/Feb 08:54:16 DEBUG eclipse.AccuRevMoveDeleteHook deleteFolder  - Deleting...
04/Feb 08:54:16 DEBUG eclipse.AccuRevMoveDeleteHook deleteFolder  - Deleting...
04/Feb 08:54:16 DEBUG eclipse.AccuRevMoveDeleteHook deleteFolder  - Deleting...
04/Feb 08:54:16 DEBUG eclipse.AccuRevMoveDeleteHook deleteFolder  - Deleting...
04/Feb 08:54:16 DEBUG eclipse.AccuRevMoveDeleteHook deleteFolder  - Deleting...
04/Feb 08:54:16 DEBUG eclipse.AccuRevMoveDeleteHook deleteFolder  - Deleting...
04/Feb 08:54:16 DEBUG eclipse.AccuRevMoveDeleteHook deleteFile  - Deleting...
04/Feb 08:54:16 DEBUG eclipse.AccuRevMoveDeleteHook deleteFile  - Deleting...
04/Feb 08:54:16 DEBUG eclipse.AccuRevMoveDeleteHook deleteFile  - Deleting...
04/Feb 08:54:16 DEBUG eclipse.AccuRevMoveDeleteHook deleteFile  - Deleting...
04/Feb 08:54:16 DEBUG eclipse.AccuRevMoveDeleteHook deleteFile  - Deleting...
04/Feb 08:54:16 DEBUG eclipse.AccuRevMoveDeleteHook deleteFile  - Deleting...
04/Feb 08:54:16 DEBUG eclipse.AccuRevMoveDeleteHook deleteFile  - Deleting...
04/Feb 08:54:16 DEBUG eclipse.AccuRevMoveDeleteHook deleteFile  - Deleting...
04/Feb 08:54:16 DEBUG eclipse.AccuRevMoveDeleteHook deleteFile  - Deleting...
04/Feb 08:54:16 DEBUG eclipse.AccuRevMoveDeleteHook deleteFile  - Deleting...
04/Feb 08:54:16 DEBUG eclipse.AccuRevMoveDeleteHook deleteFile  - Deleting...
04/Feb 08:54:16 DEBUG eclipse.AccuRevMoveDeleteHook deleteFile  - Deleting...
04/Feb 08:54:16 DEBUG eclipse.AccuRevMoveDeleteHook deleteFile  - Deleting...
04/Feb 08:54:16 DEBUG eclipse.AccuRevMoveDeleteHook deleteFile  - Deleting...
04/Feb 08:54:16 DEBUG eclipse.AccuRevMoveDeleteHook deleteFile  - Deleting...
04/Feb 08:54:16 DEBUG eclipse.AccuRevMoveDeleteHook deleteFolder  - Deleting...
04/Feb 08:54:16 DEBUG eclipse.AccuRevMoveDeleteHook deleteFile  - Deleting...
04/Feb 08:54:16 DEBUG eclipse.AccuRevMoveDeleteHook deleteFile  - Deleting...
04/Feb 08:54:16 DEBUG eclipse.AccuRevMoveDeleteHook deleteFile  - Deleting...
04/Feb 08:54:42 DEBUG eclipse.ResourceStatusJob isScheduled  - Checking resource:L/Sample/Ruby/10.0/litle-sdk-for-ruby-master/accurev_plugin.log, was not currently scheduled.
04/Feb 08:54:45 DEBUG eclipse.ResourceStatusJob isScheduled  - Checking resource:L/Sample/Ruby/10.0/litle-sdk-for-ruby-master/accurev_plugin.log, was not currently scheduled.
04/Feb 08:54:45 DEBUG eclipse.ResourceStatusJob isScheduled  - Checking resource:L/Sample/Ruby/10.0/accurev_plugin.log, was not currently scheduled.
04/Feb 08:54:45 DEBUG eclipse.ResourceStatusJob isScheduled  - Checking resource:L/Sample/accurev_plugin.log, was not currently scheduled.
04/Feb 08:54:48 DEBUG eclipse.ResourceStatusJob isScheduled  - Checking resource:L/Sample/accurev_plugin.log, was not currently scheduled.
04/Feb 08:54:48 DEBUG eclipse.ResourceStatusJob isScheduled  - Checking resource:L/Sample/Ruby/10.0/accurev_plugin.log, was not currently scheduled.
04/Feb 08:54:48 DEBUG eclipse.ResourceStatusJob isScheduled  - Checking resource:L/Sample/Ruby/10.0/litle-sdk-for-ruby-master/accurev_plugin.log, was not currently scheduled.
04/Feb 09:12:29 DEBUG eclipse.AccuRevMoveDeleteHook deleteFolder  - Deleting...
04/Feb 09:12:29 DEBUG eclipse.AccuRevMoveDeleteHook deleteFolder  - Deleting...
04/Feb 09:12:48 DEBUG eclipse.AccuRevMoveDeleteHook deleteFile  - Deleting...
04/Feb 09:12:48 DEBUG eclipse.AccuRevMoveDeleteHook deleteFile  - Deleting...
04/Feb 09:12:48 DEBUG eclipse.AccuRevMoveDeleteHook deleteFolder  - Deleting...
04/Feb 09:12:48 DEBUG eclipse.AccuRevMoveDeleteHook deleteFolder  - Deleting...
04/Feb 09:12:48 DEBUG eclipse.AccuRevMoveDeleteHook deleteFolder  - Deleting...
04/Feb 09:12:48 DEBUG eclipse.AccuRevMoveDeleteHook deleteFolder  - Deleting...
04/Feb 09:12:48 DEBUG eclipse.AccuRevMoveDeleteHook deleteFolder  - Deleting...
04/Feb 09:12:48 DEBUG eclipse.AccuRevMoveDeleteHook deleteFolder  - Deleting...
04/Feb 09:12:48 DEBUG eclipse.AccuRevMoveDeleteHook deleteFolder  - Deleting...
04/Feb 09:12:48 DEBUG eclipse.AccuRevMoveDeleteHook deleteFolder  - Deleting...
04/Feb 09:12:48 DEBUG eclipse.AccuRevMoveDeleteHook deleteFile  - Deleting...
04/Feb 09:12:48 DEBUG eclipse.AccuRevMoveDeleteHook deleteFile  - Deleting...
04/Feb 09:12:48 DEBUG eclipse.AccuRevMoveDeleteHook deleteFile  - Deleting...
04/Feb 09:12:48 DEBUG eclipse.AccuRevMoveDeleteHook deleteFile  - Deleting...
04/Feb 09:12:48 DEBUG eclipse.AccuRevMoveDeleteHook deleteFile  - Deleting...
04/Feb 09:12:48 DEBUG eclipse.AccuRevMoveDeleteHook deleteFile  - Deleting...
04/Feb 09:12:48 DEBUG eclipse.AccuRevMoveDeleteHook deleteFile  - Deleting...
04/Feb 09:12:48 DEBUG eclipse.AccuRevMoveDeleteHook deleteFile  - Deleting...
04/Feb 09:12:48 DEBUG eclipse.AccuRevMoveDeleteHook deleteFile  - Deleting...
04/Feb 09:12:48 DEBUG eclipse.AccuRevMoveDeleteHook deleteFile  - Deleting...
04/Feb 09:12:48 DEBUG eclipse.AccuRevMoveDeleteHook deleteFile  - Deleting...
04/Feb 09:12:48 DEBUG eclipse.AccuRevMoveDeleteHook deleteFile  - Deleting...
04/Feb 09:12:48 DEBUG eclipse.AccuRevMoveDeleteHook deleteFile  - Deleting...
04/Feb 09:12:48 DEBUG eclipse.AccuRevMoveDeleteHook deleteFile  - Deleting...
04/Feb 09:12:48 DEBUG eclipse.AccuRevMoveDeleteHook deleteFile  - Deleting...
04/Feb 09:12:48 DEBUG eclipse.AccuRevMoveDeleteHook deleteFile  - Deleting...
04/Feb 09:12:48 DEBUG eclipse.AccuRevMoveDeleteHook deleteFile  - Deleting...
04/Feb 09:12:48 DEBUG eclipse.AccuRevMoveDeleteHook deleteFile  - Deleting...
04/Feb 09:12:48 DEBUG eclipse.AccuRevMoveDeleteHook deleteFile  - Deleting...
04/Feb 09:12:48 DEBUG eclipse.AccuRevMoveDeleteHook deleteFile  - Deleting...
04/Feb 09:12:48 DEBUG eclipse.AccuRevMoveDeleteHook deleteFile  - Deleting...
04/Feb 09:12:48 DEBUG eclipse.AccuRevMoveDeleteHook deleteFile  - Deleting...
04/Feb 09:12:48 DEBUG eclipse.AccuRevMoveDeleteHook deleteFile  - Deleting...
04/Feb 09:12:48 DEBUG eclipse.AccuRevMoveDeleteHook deleteFile  - Deleting...
04/Feb 09:12:48 DEBUG eclipse.AccuRevMoveDeleteHook deleteFile  - Deleting...
04/Feb 09:12:48 DEBUG eclipse.AccuRevMoveDeleteHook deleteFile  - Deleting...
04/Feb 09:12:48 DEBUG eclipse.AccuRevMoveDeleteHook deleteFile  - Deleting...
04/Feb 09:12:48 DEBUG eclipse.AccuRevMoveDeleteHook deleteFile  - Deleting...
04/Feb 09:12:48 DEBUG eclipse.AccuRevMoveDeleteHook deleteFile  - Deleting...
04/Feb 09:12:48 DEBUG eclipse.AccuRevMoveDeleteHook deleteFile  - Deleting...
04/Feb 09:12:48 DEBUG eclipse.AccuRevMoveDeleteHook deleteFile  - Deleting...
04/Feb 09:12:48 DEBUG eclipse.AccuRevMoveDeleteHook deleteFile  - Deleting...
04/Feb 09:12:48 DEBUG eclipse.AccuRevMoveDeleteHook deleteFile  - Deleting...
04/Feb 09:12:48 DEBUG eclipse.AccuRevMoveDeleteHook deleteFile  - Deleting...
04/Feb 09:12:48 DEBUG eclipse.AccuRevMoveDeleteHook deleteFile  - Deleting...
04/Feb 09:12:48 DEBUG eclipse.AccuRevMoveDeleteHook deleteFile  - Deleting...
04/Feb 09:12:48 DEBUG eclipse.AccuRevMoveDeleteHook deleteFile  - Deleting...
04/Feb 09:12:48 DEBUG eclipse.AccuRevMoveDeleteHook deleteFile  - Deleting...
04/Feb 09:12:48 DEBUG eclipse.AccuRevMoveDeleteHook deleteFile  - Deleting...
04/Feb 09:12:48 DEBUG eclipse.AccuRevMoveDeleteHook deleteFile  - Deleting...
04/Feb 09:12:48 DEBUG eclipse.AccuRevMoveDeleteHook deleteFile  - Deleting...
04/Feb 09:12:48 DEBUG eclipse.AccuRevMoveDeleteHook deleteFile  - Deleting...
04/Feb 09:12:48 DEBUG eclipse.AccuRevMoveDeleteHook deleteFile  - Deleting...
04/Feb 09:12:48 DEBUG eclipse.AccuRevMoveDeleteHook deleteFile  - Deleting...
04/Feb 09:12:48 DEBUG eclipse.AccuRevMoveDeleteHook deleteFile  - Deleting...
04/Feb 09:12:48 DEBUG eclipse.AccuRevMoveDeleteHook deleteFile  - Deleting...
04/Feb 09:12:48 DEBUG eclipse.AccuRevMoveDeleteHook deleteFile  - Deleting...
04/Feb 09:12:48 DEBUG eclipse.AccuRevMoveDeleteHook deleteFile  - Deleting...
04/Feb 09:12:48 DEBUG eclipse.AccuRevMoveDeleteHook deleteFile  - Deleting...
04/Feb 09:12:48 DEBUG eclipse.AccuRevMoveDeleteHook deleteFile  - Deleting...
04/Feb 09:12:48 DEBUG eclipse.AccuRevMoveDeleteHook deleteFile  - Deleting...
04/Feb 09:12:48 DEBUG eclipse.AccuRevMoveDeleteHook deleteFile  - Deleting...
04/Feb 09:12:48 DEBUG eclipse.AccuRevMoveDeleteHook deleteFile  - Deleting...
04/Feb 09:12:48 DEBUG eclipse.AccuRevMoveDeleteHook deleteFile  - Deleting...
04/Feb 09:12:48 DEBUG eclipse.AccuRevMoveDeleteHook deleteFile  - Deleting...
04/Feb 09:12:48 DEBUG eclipse.AccuRevMoveDeleteHook deleteFile  - Deleting...
04/Feb 09:12:48 DEBUG eclipse.AccuRevMoveDeleteHook deleteFile  - Deleting...
04/Feb 09:12:48 DEBUG eclipse.AccuRevMoveDeleteHook deleteFile  - Deleting...
04/Feb 09:12:48 DEBUG eclipse.AccuRevMoveDeleteHook deleteFile  - Deleting...
04/Feb 09:12:48 DEBUG eclipse.AccuRevMoveDeleteHook deleteFile  - Deleting...
04/Feb 09:12:48 DEBUG eclipse.AccuRevMoveDeleteHook deleteFile  - Deleting...
04/Feb 09:12:48 DEBUG eclipse.AccuRevMoveDeleteHook deleteFile  - Deleting...
04/Feb 09:12:48 DEBUG eclipse.AccuRevMoveDeleteHook deleteFile  - Deleting...
04/Feb 09:12:48 DEBUG eclipse.AccuRevMoveDeleteHook deleteFolder  - Deleting...
04/Feb 09:12:48 DEBUG eclipse.AccuRevMoveDeleteHook deleteFolder  - Deleting...
04/Feb 09:12:49 DEBUG eclipse.AccuRevMoveDeleteHook deleteFolder  - Deleting...
04/Feb 09:12:49 DEBUG eclipse.AccuRevMoveDeleteHook deleteFolder  - Deleting...
04/Feb 09:12:49 DEBUG eclipse.AccuRevMoveDeleteHook deleteFolder  - Deleting...
04/Feb 09:12:49 DEBUG eclipse.AccuRevMoveDeleteHook deleteFolder  - Deleting...
04/Feb 09:12:49 DEBUG eclipse.AccuRevMoveDeleteHook deleteFolder  - Deleting...
04/Feb 09:12:49 DEBUG eclipse.AccuRevMoveDeleteHook deleteFolder  - Deleting...
04/Feb 09:12:49 DEBUG eclipse.AccuRevMoveDeleteHook deleteFolder  - Deleting...
04/Feb 09:12:49 DEBUG eclipse.AccuRevMoveDeleteHook deleteFile  - Deleting...
04/Feb 09:12:49 DEBUG eclipse.AccuRevMoveDeleteHook deleteFile  - Deleting...
04/Feb 09:12:49 DEBUG eclipse.AccuRevMoveDeleteHook deleteFile  - Deleting...
04/Feb 09:12:49 DEBUG eclipse.AccuRevMoveDeleteHook deleteFile  - Deleting...
04/Feb 09:12:49 DEBUG eclipse.AccuRevMoveDeleteHook deleteFile  - Deleting...
04/Feb 09:12:49 DEBUG eclipse.AccuRevMoveDeleteHook deleteFile  - Deleting...
04/Feb 09:12:49 DEBUG eclipse.AccuRevMoveDeleteHook deleteFile  - Deleting...
04/Feb 09:12:49 DEBUG eclipse.AccuRevMoveDeleteHook deleteFile  - Deleting...
04/Feb 09:12:49 DEBUG eclipse.AccuRevMoveDeleteHook deleteFile  - Deleting...
04/Feb 09:12:49 DEBUG eclipse.AccuRevMoveDeleteHook deleteFile  - Deleting...
04/Feb 09:12:49 DEBUG eclipse.AccuRevMoveDeleteHook deleteFile  - Deleting...
04/Feb 09:12:49 DEBUG eclipse.AccuRevMoveDeleteHook deleteFile  - Deleting...
04/Feb 09:12:49 DEBUG eclipse.AccuRevMoveDeleteHook deleteFile  - Deleting...
04/Feb 09:12:49 DEBUG eclipse.AccuRevMoveDeleteHook deleteFile  - Deleting...
04/Feb 09:12:49 DEBUG eclipse.AccuRevMoveDeleteHook deleteFile  - Deleting...
04/Feb 09:12:49 DEBUG eclipse.AccuRevMoveDeleteHook deleteFolder  - Deleting...
04/Feb 09:12:49 DEBUG eclipse.AccuRevMoveDeleteHook deleteFile  - Deleting...
04/Feb 09:12:49 DEBUG eclipse.AccuRevMoveDeleteHook deleteFile  - Deleting...
04/Feb 09:12:49 DEBUG eclipse.AccuRevMoveDeleteHook deleteFile  - Deleting...
